Build started 10/08/2017 7:44:17 AM.
     1>Project "B:\Downloads\GP2DFramework2017(1)\Framework\Framework.vcxproj" on node 2 (Build target(s)).
     1>ClCompile:
         C:\Program Files (x86)\Microsoft Visual Studio 12.0\VC\bin\CL.exe /c /I"C:\Users\shooper\Desktop\Framework\SDL\SDL2-2.0.3" /Zi /nologo /W3 /WX- /O2 /Oi /Oy- /GL /D WIN32 /D NDEBUG /D _WINDOWS /D _UNICODE /D UNICODE /Gm- /EHsc /MD /GS /Gy /fp:precise /Zc:wchar_t /Zc:forScope /Fo"Release\\" /Fd"Release\vc120.pdb" /Gd /TP /analyze- /errorReport:prompt backbuffer.cpp entity.cpp game.cpp inputhandler.cpp logmanager.cpp main.cpp sprite.cpp texture.cpp texturemanager.cpp
         backbuffer.cpp
     1>b:\downloads\gp2dframework2017(1)\framework\texture.h(6): fatal error C1083: Cannot open include file: 'SDL.h': No such file or directory
         entity.cpp
         game.cpp
     1>b:\downloads\gp2dframework2017(1)\framework\inputhandler.h(6): fatal error C1083: Cannot open include file: 'SDL.h': No such file or directory
         inputhandler.cpp
     1>b:\downloads\gp2dframework2017(1)\framework\inputhandler.h(6): fatal error C1083: Cannot open include file: 'SDL.h': No such file or directory
         logmanager.cpp
         main.cpp
     1>main.cpp(4): fatal error C1083: Cannot open include file: 'SDL.h': No such file or directory
         sprite.cpp
     1>b:\downloads\gp2dframework2017(1)\framework\texture.h(6): fatal error C1083: Cannot open include file: 'SDL.h': No such file or directory
         texture.cpp
     1>b:\downloads\gp2dframework2017(1)\framework\texture.h(6): fatal error C1083: Cannot open include file: 'SDL.h': No such file or directory
         texturemanager.cpp
     1>b:\downloads\gp2dframework2017(1)\framework\texture.h(6): fatal error C1083: Cannot open include file: 'SDL.h': No such file or directory
     1>Done Building Project "B:\Downloads\GP2DFramework2017(1)\Framework\Framework.vcxproj" (Build target(s)) -- FAILED.

Build FAILED.

Time Elapsed 00:00:01.61
