Build started 10/08/2017 10:23:58 PM.
     1>Project "C:\Users\ngd6500\Documents\GitHub\Space-Invaders\Framework\Framework.vcxproj" on node 2 (Build target(s)).
     1>ClCompile:
         C:\Program Files (x86)\Microsoft Visual Studio 12.0\VC\bin\CL.exe /c /I"C:\Users\ngd6500\Documents\GitHub\Space-Invaders\\SDL\SDL2-2.0.5\include\\" /I"C:\Users\ngd6500\Documents\GitHub\Space-Invaders\\SDL\SDL2_image-2.0.1\include" /ZI /nologo /W3 /WX- /Od /Oy- /D WIN32 /D _DEBUG /D _WINDOWS /D _UNICODE /D UNICODE /Gm /EHsc /RTC1 /MDd /GS /fp:precise /Zc:wchar_t /Zc:forScope /Fo"Debug\\" /Fd"Debug\vc120.pdb" /Gd /TP /analyze- /errorReport:prompt backbuffer.cpp entity.cpp game.cpp inputhandler.cpp logmanager.cpp main.cpp sprite.cpp texture.cpp texturemanager.cpp
         texturemanager.cpp
         texture.cpp
         sprite.cpp
         main.cpp
         logmanager.cpp
         inputhandler.cpp
     1>c:\users\ngd6500\documents\github\space-invaders\framework\inputhandler.cpp(78): warning C4996: 'sprintf': This function or variable may be unsafe. Consider using sprintf_s instead. To disable deprecation, use _CRT_SECURE_NO_WARNINGS. See online help for details.
                 c:\program files (x86)\microsoft visual studio 12.0\vc\include\stdio.h(356) : see declaration of 'sprintf'
         game.cpp
     1>c:\users\ngd6500\documents\github\space-invaders\framework\game.cpp(309): warning C4244: 'argument' : conversion from 'int' to 'float', possible loss of data
         entity.cpp
         backbuffer.cpp
         Generating Code...
       Link:
         C:\Program Files (x86)\Microsoft Visual Studio 12.0\VC\bin\link.exe /ERRORREPORT:PROMPT /OUT:"C:\Users\ngd6500\Documents\GitHub\Space-Invaders\Debug\Framework.exe" /INCREMENTAL /NOLOGO /LIBPATH:"C:\Users\ngd6500\Documents\GitHub\Space-Invaders\\SDL\SDL2-2.0.5\lib\x86" /LIBPATH:"C:\Users\ngd6500\Documents\GitHub\Space-Invaders\\SDL\SDL2_image-2.0.1\lib\x86" SDL2.lib SDL2main.lib SDL2_image.lib kernel32.lib user32.lib gdi32.lib winspool.lib comdlg32.lib advapi32.lib shell32.lib ole32.lib oleaut32.lib uuid.lib odbc32.lib odbccp32.lib /MANIFEST /MANIFESTUAC:"level='asInvoker' uiAccess='false'" /manifest:embed /DEBUG /PDB:"C:\Users\ngd6500\Documents\GitHub\Space-Invaders\Debug\Framework.pdb" /SUBSYSTEM:WINDOWS /TLBID:1 /DYNAMICBASE /NXCOMPAT /IMPLIB:"C:\Users\ngd6500\Documents\GitHub\Space-Invaders\Debug\Framework.lib" /MACHINE:X86 Debug\backbuffer.obj
         Debug\entity.obj
         Debug\game.obj
         Debug\inputhandler.obj
         Debug\logmanager.obj
         Debug\main.obj
         Debug\sprite.obj
         Debug\texture.obj
         Debug\texturemanager.obj
         Framework.vcxproj -> C:\Users\ngd6500\Documents\GitHub\Space-Invaders\Debug\Framework.exe
     1>Done Building Project "C:\Users\ngd6500\Documents\GitHub\Space-Invaders\Framework\Framework.vcxproj" (Build target(s)).

Build succeeded.

Time Elapsed 00:00:03.05
